19:55:10  INFO  tests.TestBase - addNewContactPositivis started
19:55:10  INFO  manager.WDListener - Start searching element by --->By.xpath: //*[.='Sign Out']
19:55:15  INFO  manager.WDListener - find element with --->By.xpath: //*[.='Sign Out']is found
19:55:15  INFO  manager.WDListener - Start searching element by --->By.xpath: //*[.='LOGIN']
19:55:15  INFO  manager.WDListener - find element with --->By.xpath: //*[.='LOGIN']is found
19:55:16  INFO  manager.WDListener - Start searching element by --->By.xpath: //input[1]
19:55:16  INFO  manager.WDListener - find element with --->By.xpath: //input[1]is found
19:55:16  INFO  manager.WDListener - Start searching element by --->By.xpath: //input[2]
19:55:16  INFO  manager.WDListener - find element with --->By.xpath: //input[2]is found
19:55:17  INFO  manager.WDListener - Start searching element by --->By.xpath: //button[1]
19:55:17  INFO  manager.WDListener - find element with --->By.xpath: //button[1]is found
19:55:22  INFO  manager.WDListener - Start searching element by --->By.xpath: //*[.='ADD']
19:55:22  INFO  manager.WDListener - find element with --->By.xpath: //*[.='ADD']is found
19:55:22  INFO  manager.WDListener - Start searching element by --->By.xpath: //input[@placeholder='Name']
19:55:22  INFO  manager.WDListener - find element with --->By.xpath: //input[@placeholder='Name']is found
19:55:22  INFO  manager.WDListener - Start searching element by --->By.xpath: //input[@placeholder='Last Name']
19:55:22  INFO  manager.WDListener - find element with --->By.xpath: //input[@placeholder='Last Name']is found
19:55:22  INFO  manager.WDListener - Start searching element by --->By.xpath: //input[@placeholder='Phone']
19:55:22  INFO  manager.WDListener - find element with --->By.xpath: //input[@placeholder='Phone']is found
19:55:22  INFO  manager.WDListener - Start searching element by --->By.xpath: //input[@placeholder='email']
19:55:22  INFO  manager.WDListener - find element with --->By.xpath: //input[@placeholder='email']is found
19:55:22  INFO  manager.WDListener - Start searching element by --->By.xpath: //input[@placeholder='Address']
19:55:22  INFO  manager.WDListener - find element with --->By.xpath: //input[@placeholder='Address']is found
19:55:23  INFO  manager.WDListener - Start searching element by --->By.xpath: //button[.='Save']
19:55:23  INFO  manager.WDListener - find element with --->By.xpath: //button[.='Save']is found
19:55:23  INFO  tests.TestBase - ++++++++++==========================++++++++++++++++++++++++++++
