17:34:28  INFO  tests.TestBase - removeContactis started
17:34:28  INFO  manager.WDListener - Start searching element by --->By.xpath: //*[.='Sign Out']
17:34:33  INFO  manager.WDListener - find element with --->By.xpath: //*[.='Sign Out']is found
17:34:33  INFO  manager.WDListener - Start searching element by --->By.xpath: //*[.='LOGIN']
17:34:33  INFO  manager.WDListener - find element with --->By.xpath: //*[.='LOGIN']is found
17:34:33  INFO  manager.WDListener - Start searching element by --->By.xpath: //input[1]
17:34:33  INFO  manager.WDListener - find element with --->By.xpath: //input[1]is found
17:34:33  INFO  manager.WDListener - Start searching element by --->By.xpath: //input[2]
17:34:33  INFO  manager.WDListener - find element with --->By.xpath: //input[2]is found
17:34:34  INFO  manager.WDListener - Start searching element by --->By.xpath: //button[1]
17:34:34  INFO  manager.WDListener - find element with --->By.xpath: //button[1]is found
17:34:39  INFO  manager.WDListener - Start searching element by --->By.xpath: //div[@class='contact-item_card__2SOIM']
17:34:39  INFO  manager.WDListener - find element with --->By.xpath: //div[@class='contact-item_card__2SOIM']is found
17:34:39  INFO  manager.WDListener - Start searching element by --->By.xpath: //div[@class='contact-item_card__2SOIM'][last()]
17:34:39  INFO  manager.WDListener - find element with --->By.xpath: //div[@class='contact-item_card__2SOIM'][last()]is found
17:34:39  INFO  manager.WDListener - Start searching element by --->By.xpath: //button[normalize-space()='Remove']
17:34:39  INFO  manager.WDListener - find element with --->By.xpath: //button[normalize-space()='Remove']is found
17:34:39  INFO  manager.WDListener - Start searching element by --->By.xpath: //div[@class='contact-item_card__2SOIM']
17:34:39  INFO  manager.WDListener - find element with --->By.xpath: //div[@class='contact-item_card__2SOIM']is found
17:34:39  INFO  tests.TestBase - ++++++++++==========================++++++++++++++++++++++++++++
