19:56:36  INFO  tests.TestBase - addNewContactPositivis started
19:56:36  INFO  manager.WDListener - Start searching element by --->By.xpath: //*[.='Sign Out']
19:56:41  INFO  manager.WDListener - find element with --->By.xpath: //*[.='Sign Out']is found
19:56:41  INFO  manager.WDListener - Start searching element by --->By.xpath: //*[.='LOGIN']
19:56:41  INFO  manager.WDListener - find element with --->By.xpath: //*[.='LOGIN']is found
19:56:42  INFO  manager.WDListener - Start searching element by --->By.xpath: //input[1]
19:56:42  INFO  manager.WDListener - find element with --->By.xpath: //input[1]is found
19:56:42  INFO  manager.WDListener - Start searching element by --->By.xpath: //input[2]
19:56:42  INFO  manager.WDListener - find element with --->By.xpath: //input[2]is found
19:56:43  INFO  manager.WDListener - Start searching element by --->By.xpath: //button[1]
19:56:43  INFO  manager.WDListener - find element with --->By.xpath: //button[1]is found
19:56:48  INFO  manager.WDListener - Start searching element by --->By.xpath: //*[.='ADD']
19:56:48  INFO  manager.WDListener - find element with --->By.xpath: //*[.='ADD']is found
19:56:48  INFO  manager.WDListener - Start searching element by --->By.xpath: //input[@placeholder='Name']
19:56:48  INFO  manager.WDListener - find element with --->By.xpath: //input[@placeholder='Name']is found
19:56:48  INFO  manager.WDListener - Start searching element by --->By.xpath: //input[@placeholder='Last Name']
19:56:48  INFO  manager.WDListener - find element with --->By.xpath: //input[@placeholder='Last Name']is found
19:56:48  INFO  manager.WDListener - Start searching element by --->By.xpath: //input[@placeholder='Phone']
19:56:48  INFO  manager.WDListener - find element with --->By.xpath: //input[@placeholder='Phone']is found
19:56:48  INFO  manager.WDListener - Start searching element by --->By.xpath: //input[@placeholder='email']
19:56:48  INFO  manager.WDListener - find element with --->By.xpath: //input[@placeholder='email']is found
19:56:48  INFO  manager.WDListener - Start searching element by --->By.xpath: //input[@placeholder='Address']
19:56:48  INFO  manager.WDListener - find element with --->By.xpath: //input[@placeholder='Address']is found
19:56:49  INFO  manager.WDListener - Start searching element by --->By.xpath: //button[.='Save']
19:56:49  INFO  manager.WDListener - find element with --->By.xpath: //button[.='Save']is found
19:56:49  INFO  tests.TestBase - ++++++++++==========================++++++++++++++++++++++++++++
