17:29:43  INFO  tests.TestBase - removeContactis started
17:29:43  INFO  manager.WDListener - Start searching element by --->By.xpath: //div[@class='contact-item_card__2SOIM'][last()]//h3
17:29:49  INFO  manager.WDListener - find element with --->By.xpath: //div[@class='contact-item_card__2SOIM'][last()]//h3is found
17:29:49  INFO  manager.WDListener - Start searching element by --->By.xpath: //div[@class='contact-item_card__2SOIM'][last()]
17:29:54  INFO  manager.WDListener - Something went wrongno such element: Unable to locate element: {"method":"xpath","selector":"//div[@class='contact-item_card__2SOIM'][last()]"}
  (Session info: chrome=114.0.5735.199)
For documentation on this error, please visit: https://www.seleniumhq.org/exceptions/no_such_element.html
Build info: version: '3.141.59', revision: 'e82be7d358', time: '2018-11-14T08:17:03'
System info: host: 'SASHA', ip: '192.168.1.131', os.name: 'Windows 10', os.arch: 'amd64', os.version: '10.0', java.version: '1.8.0_333'
Driver info: org.openqa.selenium.chrome.ChromeDriver
Capabilities {acceptInsecureCerts: false, browserName: chrome, browserVersion: 114.0.5735.199, chrome: {chromedriverVersion: 114.0.5735.90 (386bc09e8f4f..., userDataDir: C:\Users\BLUVG_~1\AppData\L...}, goog:chromeOptions: {debuggerAddress: localhost:53854}, javascriptEnabled: true, networkConnectionEnabled: false, pageLoadStrategy: normal, platform: WINDOWS, platformName: WINDOWS, proxy: Proxy(), setWindowRect: true, strictFileInteractability: false, timeouts: {implicit: 0, pageLoad: 300000, script: 30000}, unhandledPromptBehavior: dismiss and notify, webauthn:extension:credBlob: true, webauthn:extension:largeBlob: true, webauthn:extension:minPinLength: true, webauthn:extension:prf: true, webauthn:virtualAuthenticators: true}
Session ID: 35cca56e36d0ddbef9908addff033fcf
*** Element info: {Using=xpath, value=//div[@class='contact-item_card__2SOIM'][last()]}org.openqa.selenium.NoSuchElementException: no such element: Unable to locate element: {"method":"xpath","selector":"//div[@class='contact-item_card__2SOIM'][last()]"}
  (Session info: chrome=114.0.5735.199)
For documentation on this error, please visit: https://www.seleniumhq.org/exceptions/no_such_element.html
Build info: version: '3.141.59', revision: 'e82be7d358', time: '2018-11-14T08:17:03'
System info: host: 'SASHA', ip: '192.168.1.131', os.name: 'Windows 10', os.arch: 'amd64', os.version: '10.0', java.version: '1.8.0_333'
Driver info: org.openqa.selenium.chrome.ChromeDriver
Capabilities {acceptInsecureCerts: false, browserName: chrome, browserVersion: 114.0.5735.199, chrome: {chromedriverVersion: 114.0.5735.90 (386bc09e8f4f..., userDataDir: C:\Users\BLUVG_~1\AppData\L...}, goog:chromeOptions: {debuggerAddress: localhost:53854}, javascriptEnabled: true, networkConnectionEnabled: false, pageLoadStrategy: normal, platform: WINDOWS, platformName: WINDOWS, proxy: Proxy(), setWindowRect: true, strictFileInteractability: false, timeouts: {implicit: 0, pageLoad: 300000, script: 30000}, unhandledPromptBehavior: dismiss and notify, webauthn:extension:credBlob: true, webauthn:extension:largeBlob: true, webauthn:extension:minPinLength: true, webauthn:extension:prf: true, webauthn:virtualAuthenticators: true}
Session ID: 35cca56e36d0ddbef9908addff033fcf
*** Element info: {Using=xpath, value=//div[@class='contact-item_card__2SOIM'][last()]}
17:29:54  INFO  manager.WDListener - THis is a link to a Screenshot with error----->src/test/screenshots/screen-1794.png
17:29:54  INFO  tests.TestBase - ++++++++++==========================++++++++++++++++++++++++++++
