17:36:37  INFO  tests.TestBase - removeContactis started
17:36:37  INFO  manager.WDListener - Start searching element by --->By.xpath: //*[.='Sign Out']
17:36:42  INFO  manager.WDListener - find element with --->By.xpath: //*[.='Sign Out']is found
17:36:42  INFO  manager.WDListener - Start searching element by --->By.xpath: //*[.='LOGIN']
17:36:42  INFO  manager.WDListener - find element with --->By.xpath: //*[.='LOGIN']is found
17:36:42  INFO  manager.WDListener - Start searching element by --->By.xpath: //input[1]
17:36:42  INFO  manager.WDListener - find element with --->By.xpath: //input[1]is found
17:36:43  INFO  manager.WDListener - Start searching element by --->By.xpath: //input[2]
17:36:43  INFO  manager.WDListener - find element with --->By.xpath: //input[2]is found
17:36:43  INFO  manager.WDListener - Start searching element by --->By.xpath: //button[1]
17:36:43  INFO  manager.WDListener - find element with --->By.xpath: //button[1]is found
17:36:48  INFO  manager.WDListener - Start searching element by --->By.xpath: //div[@class='contact-item_card__2SOIM']
17:36:48  INFO  manager.WDListener - find element with --->By.xpath: //div[@class='contact-item_card__2SOIM']is found
17:36:48  INFO  manager.WDListener - Start searching element by --->By.xpath: //div[@class='contact-item_card__2SOIM'][last()]
17:36:48  INFO  manager.WDListener - find element with --->By.xpath: //div[@class='contact-item_card__2SOIM'][last()]is found
17:36:48  INFO  manager.WDListener - Start searching element by --->By.xpath: //button[normalize-space()='Remove']
17:36:48  INFO  manager.WDListener - find element with --->By.xpath: //button[normalize-space()='Remove']is found
17:36:51  INFO  manager.WDListener - Start searching element by --->By.xpath: //div[@class='contact-item_card__2SOIM']
17:36:51  INFO  manager.WDListener - find element with --->By.xpath: //div[@class='contact-item_card__2SOIM']is found
17:36:51  INFO  tests.TestBase - ++++++++++==========================++++++++++++++++++++++++++++
